Build started 10/2/2011 2:16:30 AM.
     1>Project "c:\documents and settings\Jeffrey\my documents\visual studio 2010\Projects\Sizeof\Sizeof\Sizeof.vcxproj" on node 2 (build target(s)).
     1>InitializeBuildStatus:
         Creating "Debug\Sizeof.unsuccessfulbuild" because "AlwaysCreate" was specified.
       ClCompile:
         c:\Program Files\Microsoft Visual Studio 10.0\VC\bin\CL.exe /c /ZI /nologo /W3 /WX- /Od /Oy- /D _MBCS /Gm /EHsc /RTC1 /MDd /GS /fp:precise /Zc:wchar_t /Zc:forScope /Fo"Debug\\" /Fd"Debug\vc100.pdb" /Gd /TP /analyze- /errorReport:prompt Sizeof.cpp
         Sizeof.cpp
     1>c:\documents and settings\jeffrey\my documents\visual studio 2010\projects\sizeof\sizeof\sizeof.cpp(27): warning C4101: 'floatsize' : unreferenced local variable
     1>c:\documents and settings\jeffrey\my documents\visual studio 2010\projects\sizeof\sizeof\sizeof.cpp(21): warning C4101: 'shortsize' : unreferenced local variable
     1>c:\documents and settings\jeffrey\my documents\visual studio 2010\projects\sizeof\sizeof\sizeof.cpp(20): warning C4101: 'Ucharsize' : unreferenced local variable
     1>c:\documents and settings\jeffrey\my documents\visual studio 2010\projects\sizeof\sizeof\sizeof.cpp(22): warning C4101: 'Ushortsize' : unreferenced local variable
     1>c:\documents and settings\jeffrey\my documents\visual studio 2010\projects\sizeof\sizeof\sizeof.cpp(19): warning C4101: 'charsize' : unreferenced local variable
     1>c:\documents and settings\jeffrey\my documents\visual studio 2010\projects\sizeof\sizeof\sizeof.cpp(28): warning C4101: 'doublesize' : unreferenced local variable
     1>c:\documents and settings\jeffrey\my documents\visual studio 2010\projects\sizeof\sizeof\sizeof.cpp(29): warning C4101: 'Ldoublesize' : unreferenced local variable
     1>c:\documents and settings\jeffrey\my documents\visual studio 2010\projects\sizeof\sizeof\sizeof.cpp(23): warning C4101: 'intsize' : unreferenced local variable
     1>c:\documents and settings\jeffrey\my documents\visual studio 2010\projects\sizeof\sizeof\sizeof.cpp(26): warning C4101: 'Ulongsize' : unreferenced local variable
     1>c:\documents and settings\jeffrey\my documents\visual studio 2010\projects\sizeof\sizeof\sizeof.cpp(24): warning C4101: 'Uintsize' : unreferenced local variable
     1>c:\documents and settings\jeffrey\my documents\visual studio 2010\projects\sizeof\sizeof\sizeof.cpp(25): warning C4101: 'Longsize' : unreferenced local variable
       Link:
         c:\Program Files\Microsoft Visual Studio 10.0\VC\bin\link.exe /ERRORREPORT:PROMPT /OUT:"c:\documents and settings\jeffrey\my documents\visual studio 2010\Projects\Sizeof\Debug\Sizeof.exe" /NOLOGO kernel32.lib user32.lib gdi32.lib winspool.lib comdlg32.lib advapi32.lib shell32.lib ole32.lib oleaut32.lib uuid.lib odbc32.lib odbccp32.lib /MANIFEST /ManifestFile:"Debug\Sizeof.exe.intermediate.manifest" /MANIFESTUAC:"level='asInvoker' uiAccess='false'" /DEBUG /PDB:"c:\documents and settings\jeffrey\my documents\visual studio 2010\Projects\Sizeof\Debug\Sizeof.pdb" /TLBID:1 /DYNAMICBASE /NXCOMPAT /IMPLIB:"c:\documents and settings\jeffrey\my documents\visual studio 2010\Projects\Sizeof\Debug\Sizeof.lib" /MACHINE:X86 Debug\Sizeof.obj
         LINK : c:\documents and settings\jeffrey\my documents\visual studio 2010\Projects\Sizeof\Debug\Sizeof.exe not found or not built by the last incremental link; performing full link
         Sizeof.vcxproj -> c:\documents and settings\jeffrey\my documents\visual studio 2010\Projects\Sizeof\Debug\Sizeof.exe
       Manifest:
         C:\Program Files\Microsoft SDKs\Windows\v7.0A\bin\mt.exe /nologo /verbose /outputresource:"c:\documents and settings\jeffrey\my documents\visual studio 2010\Projects\Sizeof\Debug\Sizeof.exe;#1" /manifest Debug\Sizeof.exe.intermediate.manifest
       FinalizeBuildStatus:
         Deleting file "Debug\Sizeof.unsuccessfulbuild".
         Touching "Debug\Sizeof.lastbuildstate".
     1>Done Building Project "c:\documents and settings\Jeffrey\my documents\visual studio 2010\Projects\Sizeof\Sizeof\Sizeof.vcxproj" (build target(s)).

Build succeeded.

Time Elapsed 00:00:01.20
