Build started 10/16/2012 2:12:24 AM.
     1>Project "C:\Documents and Settings\Jeffrey\My Documents\Visual Studio 2010\Projects\InfixtoPostfix\InfixtoPostfix\InfixtoPostfix.vcxproj" on node 2 (build target(s)).
     1>InitializeBuildStatus:
         Creating "Debug\InfixtoPostfix.unsuccessfulbuild" because "AlwaysCreate" was specified.
       ClCompile:
         c:\Program Files\Microsoft Visual Studio 10.0\VC\bin\CL.exe /c /ZI /nologo /W3 /WX- /Od /Oy- /D _MBCS /Gm /EHsc /RTC1 /MDd /GS /fp:precise /Zc:wchar_t /Zc:forScope /Fo"Debug\\" /Fd"Debug\vc100.pdb" /Gd /TP /analyze- /errorReport:prompt prog3_Penrod.cpp
         prog3_Penrod.cpp
     1>c:\documents and settings\jeffrey\my documents\visual studio 2010\projects\infixtopostfix\infixtopostfix\prog3_penrod.cpp(69): warning C4018: '<' : signed/unsigned mismatch
     1>c:\documents and settings\jeffrey\my documents\visual studio 2010\projects\infixtopostfix\infixtopostfix\prog3_penrod.cpp(88): warning C4018: '<' : signed/unsigned mismatch
     1>c:\documents and settings\jeffrey\my documents\visual studio 2010\projects\infixtopostfix\infixtopostfix\prog3_penrod.cpp(141): warning C4018: '<' : signed/unsigned mismatch
     1>c:\documents and settings\jeffrey\my documents\visual studio 2010\projects\infixtopostfix\infixtopostfix\prog3_penrod.cpp(65): warning C4715: 'precedencechecker' : not all control paths return a value
     1>c:\documents and settings\jeffrey\my documents\visual studio 2010\projects\infixtopostfix\infixtopostfix\prog3_penrod.cpp(84): warning C4715: 'mismatchedoperandcheck' : not all control paths return a value
       Link:
         c:\Program Files\Microsoft Visual Studio 10.0\VC\bin\link.exe /ERRORREPORT:PROMPT /OUT:"C:\Documents and Settings\Jeffrey\My Documents\Visual Studio 2010\Projects\InfixtoPostfix\Debug\InfixtoPostfix.exe" /NOLOGO kernel32.lib user32.lib gdi32.lib winspool.lib comdlg32.lib advapi32.lib shell32.lib ole32.lib oleaut32.lib uuid.lib odbc32.lib odbccp32.lib /MANIFEST /ManifestFile:"Debug\InfixtoPostfix.exe.intermediate.manifest" /MANIFESTUAC:"level='asInvoker' uiAccess='false'" /DEBUG /PDB:"C:\Documents and Settings\Jeffrey\My Documents\Visual Studio 2010\Projects\InfixtoPostfix\Debug\InfixtoPostfix.pdb" /TLBID:1 /DYNAMICBASE /NXCOMPAT /IMPLIB:"C:\Documents and Settings\Jeffrey\My Documents\Visual Studio 2010\Projects\InfixtoPostfix\Debug\InfixtoPostfix.lib" /MACHINE:X86 Debug\prog3_Penrod.obj
         LINK : C:\Documents and Settings\Jeffrey\My Documents\Visual Studio 2010\Projects\InfixtoPostfix\Debug\InfixtoPostfix.exe not found or not built by the last incremental link; performing full link
         InfixtoPostfix.vcxproj -> C:\Documents and Settings\Jeffrey\My Documents\Visual Studio 2010\Projects\InfixtoPostfix\Debug\InfixtoPostfix.exe
       Manifest:
         C:\Program Files\Microsoft SDKs\Windows\v7.0A\bin\mt.exe /nologo /verbose /outputresource:"C:\Documents and Settings\Jeffrey\My Documents\Visual Studio 2010\Projects\InfixtoPostfix\Debug\InfixtoPostfix.exe;#1" /manifest Debug\InfixtoPostfix.exe.intermediate.manifest
       FinalizeBuildStatus:
         Deleting file "Debug\InfixtoPostfix.unsuccessfulbuild".
         Touching "Debug\InfixtoPostfix.lastbuildstate".
     1>Done Building Project "C:\Documents and Settings\Jeffrey\My Documents\Visual Studio 2010\Projects\InfixtoPostfix\InfixtoPostfix\InfixtoPostfix.vcxproj" (build target(s)).

Build succeeded.

Time Elapsed 00:00:01.20
