Build started 10/10/2011 3:58:08 AM.
     1>Project "c:\documents and settings\Jeffrey\my documents\visual studio 2010\Projects\File Processor\File Processor\File Processor.vcxproj" on node 2 (build target(s)).
     1>InitializeBuildStatus:
         Creating "Debug\FileProcessor.unsuccessfulbuild" because "AlwaysCreate" was specified.
       ClCompile:
         c:\Program Files\Microsoft Visual Studio 10.0\VC\bin\CL.exe /c /ZI /nologo /W3 /WX- /Od /Oy- /D _MBCS /Gm /EHsc /RTC1 /MDd /GS /fp:precise /Zc:wchar_t /Zc:forScope /Fo"Debug\\" /Fd"Debug\vc100.pdb" /Gd /TP /analyze- /errorReport:prompt FileMatcher.cpp
         FileMatcher.cpp
     1>c:\documents and settings\jeffrey\my documents\visual studio 2010\projects\file processor\file processor\filematcher.cpp(65): warning C4018: '<' : signed/unsigned mismatch
     1>c:\documents and settings\jeffrey\my documents\visual studio 2010\projects\file processor\file processor\filematcher.cpp(86): warning C4018: '<' : signed/unsigned mismatch
       Link:
         c:\Program Files\Microsoft Visual Studio 10.0\VC\bin\link.exe /ERRORREPORT:PROMPT /OUT:"c:\documents and settings\jeffrey\my documents\visual studio 2010\Projects\File Processor\Debug\FileProcessor.exe" /NOLOGO kernel32.lib user32.lib gdi32.lib winspool.lib comdlg32.lib advapi32.lib shell32.lib ole32.lib oleaut32.lib uuid.lib odbc32.lib odbccp32.lib /MANIFEST /ManifestFile:"Debug\FileProcessor.exe.intermediate.manifest" /MANIFESTUAC:"level='asInvoker' uiAccess='false'" /DEBUG /PDB:"c:\documents and settings\jeffrey\my documents\visual studio 2010\Projects\File Processor\Debug\FileProcessor.pdb" /TLBID:1 /DYNAMICBASE /NXCOMPAT /IMPLIB:"c:\documents and settings\jeffrey\my documents\visual studio 2010\Projects\File Processor\Debug\FileProcessor.lib" /MACHINE:X86 Debug\FileMatcher.obj
         LINK : c:\documents and settings\jeffrey\my documents\visual studio 2010\Projects\File Processor\Debug\FileProcessor.exe not found or not built by the last incremental link; performing full link
         File Processor.vcxproj -> c:\documents and settings\jeffrey\my documents\visual studio 2010\Projects\File Processor\Debug\FileProcessor.exe
       Manifest:
         C:\Program Files\Microsoft SDKs\Windows\v7.0A\bin\mt.exe /nologo /verbose /outputresource:"c:\documents and settings\jeffrey\my documents\visual studio 2010\Projects\File Processor\Debug\FileProcessor.exe;#1" /manifest Debug\FileProcessor.exe.intermediate.manifest
       FinalizeBuildStatus:
         Deleting file "Debug\FileProcessor.unsuccessfulbuild".
         Touching "Debug\FileProcessor.lastbuildstate".
     1>Done Building Project "c:\documents and settings\Jeffrey\my documents\visual studio 2010\Projects\File Processor\File Processor\File Processor.vcxproj" (build target(s)).

Build succeeded.

Time Elapsed 00:00:01.17
