Build started 10/16/2011 5:32:04 PM.
     1>Project "c:\documents and settings\Jeffrey\my documents\visual studio 2010\Projects\complex\complex\complex.vcxproj" on node 2 (build target(s)).
     1>InitializeBuildStatus:
         Creating "Debug\complex.unsuccessfulbuild" because "AlwaysCreate" was specified.
       ClCompile:
         c:\Program Files\Microsoft Visual Studio 10.0\VC\bin\CL.exe /c /ZI /nologo /W3 /WX- /Od /Oy- /D _MBCS /Gm /EHsc /RTC1 /MDd /GS /fp:precise /Zc:wchar_t /Zc:forScope /Fo"Debug\\" /Fd"Debug\vc100.pdb" /Gd /TP /analyze- /errorReport:prompt Tester.cpp complex.cpp
         complex.cpp
         Tester.cpp
         Generating Code...
       Link:
         c:\Program Files\Microsoft Visual Studio 10.0\VC\bin\link.exe /ERRORREPORT:PROMPT /OUT:"c:\documents and settings\jeffrey\my documents\visual studio 2010\Projects\complex\Debug\complex.exe" /NOLOGO kernel32.lib user32.lib gdi32.lib winspool.lib comdlg32.lib advapi32.lib shell32.lib ole32.lib oleaut32.lib uuid.lib odbc32.lib odbccp32.lib /MANIFEST /ManifestFile:"Debug\complex.exe.intermediate.manifest" /MANIFESTUAC:"level='asInvoker' uiAccess='false'" /DEBUG /PDB:"c:\documents and settings\jeffrey\my documents\visual studio 2010\Projects\complex\Debug\complex.pdb" /TLBID:1 /DYNAMICBASE /NXCOMPAT /IMPLIB:"c:\documents and settings\jeffrey\my documents\visual studio 2010\Projects\complex\Debug\complex.lib" /MACHINE:X86 Debug\complex.obj
         Debug\Tester.obj
         LINK : c:\documents and settings\jeffrey\my documents\visual studio 2010\Projects\complex\Debug\complex.exe not found or not built by the last incremental link; performing full link
         complex.vcxproj -> c:\documents and settings\jeffrey\my documents\visual studio 2010\Projects\complex\Debug\complex.exe
       Manifest:
         C:\Program Files\Microsoft SDKs\Windows\v7.0A\bin\mt.exe /nologo /verbose /outputresource:"c:\documents and settings\jeffrey\my documents\visual studio 2010\Projects\complex\Debug\complex.exe;#1" /manifest Debug\complex.exe.intermediate.manifest
       FinalizeBuildStatus:
         Deleting file "Debug\complex.unsuccessfulbuild".
         Touching "Debug\complex.lastbuildstate".
     1>Done Building Project "c:\documents and settings\Jeffrey\my documents\visual studio 2010\Projects\complex\complex\complex.vcxproj" (build target(s)).

Build succeeded.

Time Elapsed 00:00:01.68
