Build started 10/10/2012 12:54:46 AM.
     1>Project "C:\Documents and Settings\Jeffrey\my documents\visual studio 2010\Projects\Linkedlisttemplate\Linkedlisttemplate\Linkedlisttemplate.vcxproj" on node 2 (build target(s)).
     1>InitializeBuildStatus:
         Creating "Debug\Linkedlisttemplate.unsuccessfulbuild" because "AlwaysCreate" was specified.
       ClCompile:
         c:\Program Files\Microsoft Visual Studio 10.0\VC\bin\CL.exe /c /ZI /nologo /W3 /WX- /Od /Oy- /D _MBCS /Gm /EHsc /RTC1 /MDd /GS /fp:precise /Zc:wchar_t /Zc:forScope /Fo"Debug\\" /Fd"Debug\vc100.pdb" /Gd /TP /analyze- /errorReport:prompt prog2_penrod.cpp
         prog2_penrod.cpp
     1>c:\documents and settings\jeffrey\my documents\visual studio 2010\projects\linkedlisttemplate\linkedlisttemplate\prog2_penrod.cpp(105): warning C4715: 'singleList<int>::Containedinlist' : not all control paths return a value
       Link:
         c:\Program Files\Microsoft Visual Studio 10.0\VC\bin\link.exe /ERRORREPORT:PROMPT /OUT:"C:\Documents and Settings\Jeffrey\my documents\visual studio 2010\Projects\Linkedlisttemplate\Debug\Linkedlisttemplate.exe" /NOLOGO kernel32.lib user32.lib gdi32.lib winspool.lib comdlg32.lib advapi32.lib shell32.lib ole32.lib oleaut32.lib uuid.lib odbc32.lib odbccp32.lib /MANIFEST /ManifestFile:"Debug\Linkedlisttemplate.exe.intermediate.manifest" /MANIFESTUAC:"level='asInvoker' uiAccess='false'" /DEBUG /PDB:"C:\Documents and Settings\Jeffrey\my documents\visual studio 2010\Projects\Linkedlisttemplate\Debug\Linkedlisttemplate.pdb" /TLBID:1 /DYNAMICBASE /NXCOMPAT /IMPLIB:"C:\Documents and Settings\Jeffrey\my documents\visual studio 2010\Projects\Linkedlisttemplate\Debug\Linkedlisttemplate.lib" /MACHINE:X86 Debug\prog2_penrod.obj
         LINK : C:\Documents and Settings\Jeffrey\my documents\visual studio 2010\Projects\Linkedlisttemplate\Debug\Linkedlisttemplate.exe not found or not built by the last incremental link; performing full link
         Linkedlisttemplate.vcxproj -> C:\Documents and Settings\Jeffrey\my documents\visual studio 2010\Projects\Linkedlisttemplate\Debug\Linkedlisttemplate.exe
       Manifest:
         C:\Program Files\Microsoft SDKs\Windows\v7.0A\bin\mt.exe /nologo /verbose /outputresource:"C:\Documents and Settings\Jeffrey\my documents\visual studio 2010\Projects\Linkedlisttemplate\Debug\Linkedlisttemplate.exe;#1" /manifest Debug\Linkedlisttemplate.exe.intermediate.manifest
       FinalizeBuildStatus:
         Deleting file "Debug\Linkedlisttemplate.unsuccessfulbuild".
         Touching "Debug\Linkedlisttemplate.lastbuildstate".
     1>Done Building Project "C:\Documents and Settings\Jeffrey\my documents\visual studio 2010\Projects\Linkedlisttemplate\Linkedlisttemplate\Linkedlisttemplate.vcxproj" (build target(s)).

Build succeeded.

Time Elapsed 00:00:01
