Build started 9/18/2011 2:22:09 PM.
     1>Project "c:\documents and settings\Jeffrey\my documents\visual studio 2010\Projects\Recursive Greatest Common Divisor\Recursive Greatest Common Divisor\Recursive Greatest Common Divisor.vcxproj" on node 2 (build target(s)).
     1>InitializeBuildStatus:
         Creating "Debug\RecursiveGreatestCommonDivisor.unsuccessfulbuild" because "AlwaysCreate" was specified.
       ClCompile:
         C:\Program Files\Microsoft Visual Studio 10.0\VC\bin\CL.exe /c /ZI /nologo /W3 /WX- /Od /Oy- /D _MBCS /Gm /EHsc /RTC1 /MDd /GS /fp:precise /Zc:wchar_t /Zc:forScope /Fo"Debug\\" /Fd"Debug\vc100.pdb" /Gd /TP /analyze- /errorReport:prompt GreatestCommonDivisor.cpp
         GreatestCommonDivisor.cpp
     1>c:\documents and settings\jeffrey\my documents\visual studio 2010\projects\recursive greatest common divisor\recursive greatest common divisor\greatestcommondivisor.cpp(7): warning C4067: unexpected tokens following preprocessor directive - expected a newline
     1>c:\documents and settings\jeffrey\my documents\visual studio 2010\projects\recursive greatest common divisor\recursive greatest common divisor\greatestcommondivisor.cpp(13): warning C4101: 'swapspace' : unreferenced local variable
     1>c:\documents and settings\jeffrey\my documents\visual studio 2010\projects\recursive greatest common divisor\recursive greatest common divisor\greatestcommondivisor.cpp(33): warning C4715: 'GCD' : not all control paths return a value
       Link:
         C:\Program Files\Microsoft Visual Studio 10.0\VC\bin\link.exe /ERRORREPORT:PROMPT /OUT:"c:\documents and settings\jeffrey\my documents\visual studio 2010\Projects\Recursive Greatest Common Divisor\Debug\RecursiveGreatestCommonDivisor.exe" /NOLOGO kernel32.lib user32.lib gdi32.lib winspool.lib comdlg32.lib advapi32.lib shell32.lib ole32.lib oleaut32.lib uuid.lib odbc32.lib odbccp32.lib /MANIFEST /ManifestFile:"Debug\RecursiveGreatestCommonDivisor.exe.intermediate.manifest" /MANIFESTUAC:"level='asInvoker' uiAccess='false'" /DEBUG /PDB:"c:\documents and settings\jeffrey\my documents\visual studio 2010\Projects\Recursive Greatest Common Divisor\Debug\RecursiveGreatestCommonDivisor.pdb" /TLBID:1 /DYNAMICBASE /NXCOMPAT /IMPLIB:"c:\documents and settings\jeffrey\my documents\visual studio 2010\Projects\Recursive Greatest Common Divisor\Debug\RecursiveGreatestCommonDivisor.lib" /MACHINE:X86 Debug\GreatestCommonDivisor.obj
         LINK : c:\documents and settings\jeffrey\my documents\visual studio 2010\Projects\Recursive Greatest Common Divisor\Debug\RecursiveGreatestCommonDivisor.exe not found or not built by the last incremental link; performing full link
         Recursive Greatest Common Divisor.vcxproj -> c:\documents and settings\jeffrey\my documents\visual studio 2010\Projects\Recursive Greatest Common Divisor\Debug\RecursiveGreatestCommonDivisor.exe
       Manifest:
         C:\Program Files\Microsoft SDKs\Windows\v7.0A\bin\mt.exe /nologo /verbose /outputresource:"c:\documents and settings\jeffrey\my documents\visual studio 2010\Projects\Recursive Greatest Common Divisor\Debug\RecursiveGreatestCommonDivisor.exe;#1" /manifest Debug\RecursiveGreatestCommonDivisor.exe.intermediate.manifest
       FinalizeBuildStatus:
         Deleting file "Debug\RecursiveGreatestCommonDivisor.unsuccessfulbuild".
         Touching "Debug\RecursiveGreatestCommonDivisor.lastbuildstate".
     1>Done Building Project "c:\documents and settings\Jeffrey\my documents\visual studio 2010\Projects\Recursive Greatest Common Divisor\Recursive Greatest Common Divisor\Recursive Greatest Common Divisor.vcxproj" (build target(s)).

Build succeeded.

Time Elapsed 00:00:01.90
