Build started 10/16/2012 12:34:11 AM.
     1>Project "c:\documents and settings\Jeffrey\my documents\visual studio 2010\Projects\Einfixtopostfixexample\Einfixtopostfixexample\Einfixtopostfixexample.vcxproj" on node 2 (build target(s)).
     1>PrepareForBuild:
         Creating directory "c:\documents and settings\jeffrey\my documents\visual studio 2010\Projects\Einfixtopostfixexample\Debug\".
       InitializeBuildStatus:
         Creating "Debug\Einfixtopostfixexample.unsuccessfulbuild" because "AlwaysCreate" was specified.
       ClCompile:
         c:\Program Files\Microsoft Visual Studio 10.0\VC\bin\CL.exe /c /ZI /nologo /W3 /WX- /Od /Oy- /D _MBCS /Gm /EHsc /RTC1 /MDd /GS /fp:precise /Zc:wchar_t /Zc:forScope /Fo"Debug\\" /Fd"Debug\vc100.pdb" /Gd /TP /analyze- /errorReport:prompt Example.cpp
         Example.cpp
       Link:
         c:\Program Files\Microsoft Visual Studio 10.0\VC\bin\link.exe /ERRORREPORT:PROMPT /OUT:"c:\documents and settings\jeffrey\my documents\visual studio 2010\Projects\Einfixtopostfixexample\Debug\Einfixtopostfixexample.exe" /NOLOGO kernel32.lib user32.lib gdi32.lib winspool.lib comdlg32.lib advapi32.lib shell32.lib ole32.lib oleaut32.lib uuid.lib odbc32.lib odbccp32.lib /MANIFEST /ManifestFile:"Debug\Einfixtopostfixexample.exe.intermediate.manifest" /MANIFESTUAC:"level='asInvoker' uiAccess='false'" /DEBUG /PDB:"c:\documents and settings\jeffrey\my documents\visual studio 2010\Projects\Einfixtopostfixexample\Debug\Einfixtopostfixexample.pdb" /TLBID:1 /DYNAMICBASE /NXCOMPAT /IMPLIB:"c:\documents and settings\jeffrey\my documents\visual studio 2010\Projects\Einfixtopostfixexample\Debug\Einfixtopostfixexample.lib" /MACHINE:X86 Debug\Example.obj
         Einfixtopostfixexample.vcxproj -> c:\documents and settings\jeffrey\my documents\visual studio 2010\Projects\Einfixtopostfixexample\Debug\Einfixtopostfixexample.exe
       Manifest:
         C:\Program Files\Microsoft SDKs\Windows\v7.0A\bin\mt.exe /nologo /verbose /outputresource:"c:\documents and settings\jeffrey\my documents\visual studio 2010\Projects\Einfixtopostfixexample\Debug\Einfixtopostfixexample.exe;#1" /manifest Debug\Einfixtopostfixexample.exe.intermediate.manifest
       FinalizeBuildStatus:
         Deleting file "Debug\Einfixtopostfixexample.unsuccessfulbuild".
         Touching "Debug\Einfixtopostfixexample.lastbuildstate".
     1>Done Building Project "c:\documents and settings\Jeffrey\my documents\visual studio 2010\Projects\Einfixtopostfixexample\Einfixtopostfixexample\Einfixtopostfixexample.vcxproj" (build target(s)).

Build succeeded.

Time Elapsed 00:00:01.78
