Build started 10/30/2011 6:12:46 PM.
     1>Project "C:\Documents and Settings\Jeffrey\my documents\visual studio 2010\Projects\Linkedlist\Linkedlist\Linkedlist.vcxproj" on node 2 (build target(s)).
     1>InitializeBuildStatus:
         Creating "Debug\Linkedlist.unsuccessfulbuild" because "AlwaysCreate" was specified.
       ClCompile:
         c:\Program Files\Microsoft Visual Studio 10.0\VC\bin\CL.exe /c /ZI /nologo /W3 /WX- /Od /Oy- /D _MBCS /Gm /EHsc /RTC1 /MDd /GS /fp:precise /Zc:wchar_t /Zc:forScope /Fo"Debug\\" /Fd"Debug\vc100.pdb" /Gd /TP /analyze- /errorReport:prompt Linkedlist.cpp
         Linkedlist.cpp
     1>c:\documents and settings\jeffrey\my documents\visual studio 2010\projects\linkedlist\linkedlist\linkedlist.cpp(211): warning C4715: 'doublylinkedlist::remove' : not all control paths return a value
       Link:
         c:\Program Files\Microsoft Visual Studio 10.0\VC\bin\link.exe /ERRORREPORT:PROMPT /OUT:"C:\Documents and Settings\Jeffrey\my documents\visual studio 2010\Projects\Linkedlist\Debug\Linkedlist.exe" /NOLOGO kernel32.lib user32.lib gdi32.lib winspool.lib comdlg32.lib advapi32.lib shell32.lib ole32.lib oleaut32.lib uuid.lib odbc32.lib odbccp32.lib /MANIFEST /ManifestFile:"Debug\Linkedlist.exe.intermediate.manifest" /MANIFESTUAC:"level='asInvoker' uiAccess='false'" /DEBUG /PDB:"C:\Documents and Settings\Jeffrey\my documents\visual studio 2010\Projects\Linkedlist\Debug\Linkedlist.pdb" /TLBID:1 /DYNAMICBASE /NXCOMPAT /IMPLIB:"C:\Documents and Settings\Jeffrey\my documents\visual studio 2010\Projects\Linkedlist\Debug\Linkedlist.lib" /MACHINE:X86 Debug\Linkedlist.obj
         LINK : C:\Documents and Settings\Jeffrey\my documents\visual studio 2010\Projects\Linkedlist\Debug\Linkedlist.exe not found or not built by the last incremental link; performing full link
         Linkedlist.vcxproj -> C:\Documents and Settings\Jeffrey\my documents\visual studio 2010\Projects\Linkedlist\Debug\Linkedlist.exe
       Manifest:
         C:\Program Files\Microsoft SDKs\Windows\v7.0A\bin\mt.exe /nologo /verbose /outputresource:"C:\Documents and Settings\Jeffrey\my documents\visual studio 2010\Projects\Linkedlist\Debug\Linkedlist.exe;#1" /manifest Debug\Linkedlist.exe.intermediate.manifest
       FinalizeBuildStatus:
         Deleting file "Debug\Linkedlist.unsuccessfulbuild".
         Touching "Debug\Linkedlist.lastbuildstate".
     1>Done Building Project "C:\Documents and Settings\Jeffrey\my documents\visual studio 2010\Projects\Linkedlist\Linkedlist\Linkedlist.vcxproj" (build target(s)).

Build succeeded.

Time Elapsed 00:00:01.17
